0 info it worked if it ends with ok
1 verbose cli [ '/usr/local/Cellar/node/4.2.1/bin/node',
1 verbose cli   '/usr/local/bin/npm',
1 verbose cli   'install',
1 verbose cli   'framework:jasmine' ]
2 info using npm@2.14.7
3 info using node@v4.2.1
4 verbose install initial load of /Users/Borek/Desktop/Study/ContextProject/TI2806/package.json
5 verbose installManyTop reading scoped package data from /Users/Borek/Desktop/Study/ContextProject/TI2806/node_modules/grunt/package.json
6 verbose installManyTop reading scoped package data from /Users/Borek/Desktop/Study/ContextProject/TI2806/node_modules/grunt-contrib-clean/package.json
7 verbose installManyTop reading scoped package data from /Users/Borek/Desktop/Study/ContextProject/TI2806/node_modules/grunt-contrib-concat/package.json
8 verbose installManyTop reading scoped package data from /Users/Borek/Desktop/Study/ContextProject/TI2806/node_modules/grunt-contrib-jshint/package.json
9 verbose installManyTop reading scoped package data from /Users/Borek/Desktop/Study/ContextProject/TI2806/node_modules/grunt-contrib-qunit/package.json
10 verbose installManyTop reading scoped package data from /Users/Borek/Desktop/Study/ContextProject/TI2806/node_modules/grunt-contrib-uglify/package.json
11 verbose installManyTop reading scoped package data from /Users/Borek/Desktop/Study/ContextProject/TI2806/node_modules/grunt-contrib-watch/package.json
12 verbose installManyTop reading scoped package data from /Users/Borek/Desktop/Study/ContextProject/TI2806/node_modules/grunt-coveralls/package.json
13 verbose installManyTop reading scoped package data from /Users/Borek/Desktop/Study/ContextProject/TI2806/node_modules/grunt-githooks/package.json
14 verbose installManyTop reading scoped package data from /Users/Borek/Desktop/Study/ContextProject/TI2806/node_modules/grunt-karma/package.json
15 verbose installManyTop reading scoped package data from /Users/Borek/Desktop/Study/ContextProject/TI2806/node_modules/grunt-karma-coveralls/package.json
16 verbose installManyTop reading scoped package data from /Users/Borek/Desktop/Study/ContextProject/TI2806/node_modules/jasmine/package.json
17 verbose installManyTop reading scoped package data from /Users/Borek/Desktop/Study/ContextProject/TI2806/node_modules/jshint/package.json
18 verbose installManyTop reading scoped package data from /Users/Borek/Desktop/Study/ContextProject/TI2806/node_modules/karma/package.json
19 info package.json grunt@0.4.5 No license field.
20 info package.json grunt-contrib-clean@0.4.1 No license field.
21 info package.json grunt-contrib-concat@0.3.0 No license field.
22 info package.json grunt-contrib-qunit@0.2.2 No license field.
23 info package.json grunt-contrib-jshint@0.10.0 No license field.
24 info package.json grunt-contrib-uglify@0.2.7 No license field.
25 info package.json grunt-contrib-watch@0.4.4 No license field.
26 info package.json grunt-karma-coveralls@2.5.4 No license field.
27 verbose readDependencies loading dependencies from /Users/Borek/Desktop/Study/ContextProject/TI2806/package.json
28 verbose stack Error: Unsupported URL Type: framework:jasmine
28 verbose stack     at parseUrl (/usr/local/lib/node_modules/npm/node_modules/npm-package-arg/npa.js:168:13)
28 verbose stack     at npa (/usr/local/lib/node_modules/npm/node_modules/npm-package-arg/npa.js:75:12)
28 verbose stack     at resolver (/usr/local/lib/node_modules/npm/lib/install.js:845:42)
28 verbose stack     at /usr/local/lib/node_modules/npm/node_modules/slide/lib/async-map.js:52:35
28 verbose stack     at Array.forEach (native)
28 verbose stack     at /usr/local/lib/node_modules/npm/node_modules/slide/lib/async-map.js:52:11
28 verbose stack     at Array.forEach (native)
28 verbose stack     at asyncMap (/usr/local/lib/node_modules/npm/node_modules/slide/lib/async-map.js:51:8)
28 verbose stack     at /usr/local/lib/node_modules/npm/lib/install.js:703:5
28 verbose stack     at ReadFileContext.<anonymous> (/usr/local/lib/node_modules/npm/lib/install.js:368:22)
29 verbose cwd /Users/Borek/Desktop/Study/ContextProject/TI2806
30 error Darwin 15.4.0
31 error argv "/usr/local/Cellar/node/4.2.1/bin/node" "/usr/local/bin/npm" "install" "framework:jasmine"
32 error node v4.2.1
33 error npm  v2.14.7
34 error Unsupported URL Type: framework:jasmine
35 error If you need help, you may report this error at:
35 error     <https://github.com/npm/npm/issues>
36 verbose exit [ 1, true ]
